c:\users\roni\documents\visual studio 2013\projects\vod\vod\debug\vc120.pdb
c:\users\roni\documents\visual studio 2013\projects\vod\vod\debug\vc120.idb
c:\users\roni\documents\visual studio 2013\projects\vod\vod\debug\rc.obj
c:\users\roni\documents\visual studio 2013\projects\vod\vod\debug\rci.obj
c:\users\roni\documents\visual studio 2013\projects\vod\vod\debug\playerservice.obj
c:\users\roni\documents\visual studio 2013\projects\vod\vod\debug\simulationservice.obj
c:\users\roni\documents\visual studio 2013\projects\vod\vod\debug\sp.obj
c:\users\roni\documents\visual studio 2013\projects\vod\vod\debug\client.obj
c:\users\roni\documents\visual studio 2013\projects\vod\vod\debug\clientservice.obj
c:\users\roni\documents\visual studio 2013\projects\vod\vod\debug\movie.obj
c:\users\roni\documents\visual studio 2013\projects\vod\vod\debug\series.obj
c:\users\roni\documents\visual studio 2013\projects\vod\vod\debug\viewable.obj
c:\users\roni\documents\visual studio 2013\projects\vod\vod\debug\main.obj
c:\users\roni\documents\visual studio 2013\projects\vod\debug\vod.ilk
c:\users\roni\documents\visual studio 2013\projects\vod\debug\vod.exe
c:\users\roni\documents\visual studio 2013\projects\vod\debug\vod.pdb
c:\users\roni\documents\visual studio 2013\projects\vod\vod\debug\vod.tlog\cl.command.1.tlog
c:\users\roni\documents\visual studio 2013\projects\vod\vod\debug\vod.tlog\cl.read.1.tlog
c:\users\roni\documents\visual studio 2013\projects\vod\vod\debug\vod.tlog\cl.write.1.tlog
c:\users\roni\documents\visual studio 2013\projects\vod\vod\debug\vod.tlog\link.command.1.tlog
c:\users\roni\documents\visual studio 2013\projects\vod\vod\debug\vod.tlog\link.read.1.tlog
c:\users\roni\documents\visual studio 2013\projects\vod\vod\debug\vod.tlog\link.write.1.tlog
